0 info it worked if it ends with ok
1 verbose cli [ '/usr/local/bin/node',
1 verbose cli   '/usr/local/bin/npm',
1 verbose cli   'run',
1 verbose cli   'build:dev' ]
2 info using npm@3.9.5
3 info using node@v6.2.2
4 verbose run-script [ 'prebuild:dev', 'build:dev', 'postbuild:dev' ]
5 info lifecycle webdev@1.0.0~prebuild:dev: webdev@1.0.0
6 silly lifecycle webdev@1.0.0~prebuild:dev: no script for prebuild:dev, continuing
7 info lifecycle webdev@1.0.0~build:dev: webdev@1.0.0
8 verbose lifecycle webdev@1.0.0~build:dev: unsafe-perm in lifecycle true
9 verbose lifecycle webdev@1.0.0~build:dev: PATH: /usr/local/lib/node_modules/npm/bin/node-gyp-bin:/home/tomek/Desktop/WebDevelopmentTechnologies/node_modules/.bin:/usr/local/bin:/usr/local/sbin:/usr/local/bin:/usr/sbin:/usr/bin:/sbin:/bin:/usr/games:/usr/local/games:/home/tomek/Desktop/java_jdk/jdk1.8.0_51/bin:/home/tomek/Desktop/maven/apache-maven-3.2.2/bin:/home/tomek/Desktop/java_jdk/jdk1.8.0_51/bin:/home/tomek/Desktop/maven/apache-maven-3.2.2/bin
10 verbose lifecycle webdev@1.0.0~build:dev: CWD: /home/tomek/Desktop/WebDevelopmentTechnologies
11 silly lifecycle webdev@1.0.0~build:dev: Args: [ '-c', 'webpack --config config/webpack.dev.js --watch' ]
12 silly lifecycle webdev@1.0.0~build:dev: Returned: code: 1  signal: null
13 info lifecycle webdev@1.0.0~build:dev: Failed to exec build:dev script
14 verbose stack Error: webdev@1.0.0 build:dev: `webpack --config config/webpack.dev.js --watch`
14 verbose stack Exit status 1
14 verbose stack     at EventEmitter.<anonymous> (/usr/local/lib/node_modules/npm/lib/utils/lifecycle.js:245:16)
14 verbose stack     at emitTwo (events.js:106:13)
14 verbose stack     at EventEmitter.emit (events.js:191:7)
14 verbose stack     at ChildProcess.<anonymous> (/usr/local/lib/node_modules/npm/lib/utils/spawn.js:24:14)
14 verbose stack     at emitTwo (events.js:106:13)
14 verbose stack     at ChildProcess.emit (events.js:191:7)
14 verbose stack     at maybeClose (internal/child_process.js:852:16)
14 verbose stack     at Process.ChildProcess._handle.onexit (internal/child_process.js:215:5)
15 verbose pkgid webdev@1.0.0
16 verbose cwd /home/tomek/Desktop/WebDevelopmentTechnologies
17 error Linux 3.13.0-71-generic
18 error argv "/usr/local/bin/node" "/usr/local/bin/npm" "run" "build:dev"
19 error node v6.2.2
20 error npm  v3.9.5
21 error code ELIFECYCLE
22 error webdev@1.0.0 build:dev: `webpack --config config/webpack.dev.js --watch`
22 error Exit status 1
23 error Failed at the webdev@1.0.0 build:dev script 'webpack --config config/webpack.dev.js --watch'.
23 error Make sure you have the latest version of node.js and npm installed.
23 error If you do, this is most likely a problem with the webdev package,
23 error not with npm itself.
23 error Tell the author that this fails on your system:
23 error     webpack --config config/webpack.dev.js --watch
23 error You can get information on how to open an issue for this project with:
23 error     npm bugs webdev
23 error Or if that isn't available, you can get their info via:
23 error     npm owner ls webdev
23 error There is likely additional logging output above.
24 verbose exit [ 1, true ]
